c:\users\xbj\desktop\mfc学习\remotectrl\remotectrl\x64\debug\remotectrl.pch
c:\users\xbj\desktop\mfc学习\remotectrl\remotectrl\x64\debug\vc143.pdb
c:\users\xbj\desktop\mfc学习\remotectrl\remotectrl\x64\debug\vc143.idb
c:\users\xbj\desktop\mfc学习\remotectrl\remotectrl\x64\debug\pch.obj
c:\users\xbj\desktop\mfc学习\remotectrl\remotectrl\x64\debug\serversocket.obj
c:\users\xbj\desktop\mfc学习\remotectrl\remotectrl\x64\debug\remotectrl.obj
c:\users\xbj\desktop\mfc学习\remotectrl\x64\debug\remotectrl.exe
c:\users\xbj\desktop\mfc学习\remotectrl\x64\debug\remotectrl.pdb
c:\users\xbj\desktop\mfc学习\remotectrl\remotectrl\x64\debug\remotectrl.res
c:\users\xbj\desktop\mfc学习\remotectrl\remotectrl\x64\debug\remotectrl.ilk
c:\users\xbj\desktop\mfc学习\remotectrl\remotectrl\x64\debug\remotectrl.tlog\cl.command.1.tlog
c:\users\xbj\desktop\mfc学习\remotectrl\remotectrl\x64\debug\remotectrl.tlog\cl.items.tlog
c:\users\xbj\desktop\mfc学习\remotectrl\remotectrl\x64\debug\remotectrl.tlog\cl.read.1.tlog
c:\users\xbj\desktop\mfc学习\remotectrl\remotectrl\x64\debug\remotectrl.tlog\cl.write.1.tlog
c:\users\xbj\desktop\mfc学习\remotectrl\remotectrl\x64\debug\remotectrl.tlog\link.command.1.tlog
c:\users\xbj\desktop\mfc学习\remotectrl\remotectrl\x64\debug\remotectrl.tlog\link.read.1.tlog
c:\users\xbj\desktop\mfc学习\remotectrl\remotectrl\x64\debug\remotectrl.tlog\link.secondary.1.tlog
c:\users\xbj\desktop\mfc学习\remotectrl\remotectrl\x64\debug\remotectrl.tlog\link.write.1.tlog
c:\users\xbj\desktop\mfc学习\remotectrl\remotectrl\x64\debug\remotectrl.tlog\rc.command.1.tlog
c:\users\xbj\desktop\mfc学习\remotectrl\remotectrl\x64\debug\remotectrl.tlog\rc.read.1.tlog
c:\users\xbj\desktop\mfc学习\remotectrl\remotectrl\x64\debug\remotectrl.tlog\rc.write.1.tlog
