c:\users\xbj\desktop\远控\remotectrl\remoteclient\x64\debug\remoteclient.pch
c:\users\xbj\desktop\远控\remotectrl\remoteclient\x64\debug\vc143.pdb
c:\users\xbj\desktop\远控\remotectrl\remoteclient\x64\debug\vc143.idb
c:\users\xbj\desktop\远控\remotectrl\remoteclient\x64\debug\pch.obj
c:\users\xbj\desktop\远控\remotectrl\remoteclient\x64\debug\statusdlg.obj
c:\users\xbj\desktop\远控\remotectrl\remoteclient\x64\debug\remoteclientdlg.obj
c:\users\xbj\desktop\远控\remotectrl\remoteclient\x64\debug\remoteclient.obj
c:\users\xbj\desktop\远控\remotectrl\remoteclient\x64\debug\packet.obj
c:\users\xbj\desktop\远控\remotectrl\remoteclient\x64\debug\cwatchdialog.obj
c:\users\xbj\desktop\远控\remotectrl\remoteclient\x64\debug\clientsocket.obj
c:\users\xbj\desktop\远控\remotectrl\remoteclient\x64\debug\clientcontroller.obj
c:\users\xbj\desktop\远控\remotectrl\x64\debug\remoteclient.exe
c:\users\xbj\desktop\远控\remotectrl\x64\debug\remoteclient.pdb
c:\users\xbj\desktop\远控\remotectrl\remoteclient\x64\debug\remoteclient.res
c:\users\xbj\desktop\远控\remotectrl\remoteclient\x64\debug\remoteclient.ilk
c:\users\xbj\desktop\远控\remotectrl\remoteclient\x64\debug\remoteclient.tlog\cl.command.1.tlog
c:\users\xbj\desktop\远控\remotectrl\remoteclient\x64\debug\remoteclient.tlog\cl.items.tlog
c:\users\xbj\desktop\远控\remotectrl\remoteclient\x64\debug\remoteclient.tlog\cl.read.1.tlog
c:\users\xbj\desktop\远控\remotectrl\remoteclient\x64\debug\remoteclient.tlog\cl.write.1.tlog
c:\users\xbj\desktop\远控\remotectrl\remoteclient\x64\debug\remoteclient.tlog\link.command.1.tlog
c:\users\xbj\desktop\远控\remotectrl\remoteclient\x64\debug\remoteclient.tlog\link.read.1.tlog
c:\users\xbj\desktop\远控\remotectrl\remoteclient\x64\debug\remoteclient.tlog\link.secondary.1.tlog
c:\users\xbj\desktop\远控\remotectrl\remoteclient\x64\debug\remoteclient.tlog\link.write.1.tlog
c:\users\xbj\desktop\远控\remotectrl\remoteclient\x64\debug\remoteclient.tlog\rc.command.1.tlog
c:\users\xbj\desktop\远控\remotectrl\remoteclient\x64\debug\remoteclient.tlog\rc.read.1.tlog
c:\users\xbj\desktop\远控\remotectrl\remoteclient\x64\debug\remoteclient.tlog\rc.write.1.tlog
