  CWatchDialog.cpp
  ClientController.cpp
C:\Users\xbj\Desktop\远控\RemoteCtrl\RemoteClient\CEdoyunTool.h(39,40): warning C4267: “参数”: 从“size_t”转换到“ULONG”，可能丢失数据
  (编译源文件“/CWatchDialog.cpp”)
  
C:\Users\xbj\Desktop\远控\RemoteCtrl\RemoteClient\CEdoyunTool.h(39,40): warning C4267: “参数”: 从“size_t”转换到“ULONG”，可能丢失数据
  (编译源文件“/ClientController.cpp”)
  
C:\Users\xbj\Desktop\远控\RemoteCtrl\RemoteClient\ClientController.cpp(156,31): warning C4244: “return”: 从“INT_PTR”转换到“int”，可能丢失数据
  (编译源文件“/ClientController.cpp”)
  
  ClientSocket.cpp
C:\Users\xbj\Desktop\远控\RemoteCtrl\RemoteClient\ClientSocket.cpp(100,53): warning C4267: “参数”: 从“size_t”转换到“int”，可能丢失数据
  (编译源文件“/ClientSocket.cpp”)
  
C:\Users\xbj\Desktop\远控\RemoteCtrl\RemoteClient\ClientSocket.cpp(146,42): warning C4267: “参数”: 从“size_t”转换到“int”，可能丢失数据
  (编译源文件“/ClientSocket.cpp”)
  
C:\Users\xbj\Desktop\远控\RemoteCtrl\RemoteClient\ClientSocket.cpp(155,49): warning C4267: “参数”: 从“size_t”转换到“int”，可能丢失数据
  (编译源文件“/ClientSocket.cpp”)
  
C:\Users\xbj\Desktop\远控\RemoteCtrl\RemoteClient\ClientSocket.cpp(309,18): warning C4267: “=”: 从“size_t”转换到“DWORD”，可能丢失数据
  (编译源文件“/ClientSocket.cpp”)
  
C:\Users\xbj\Desktop\远控\RemoteCtrl\RemoteClient\ClientSocket.cpp(370,24): warning C4244: “=”: 从“const DWORD”转换到“WORD”，可能丢失数据
  (编译源文件“/ClientSocket.cpp”)
  
  RemoteClient.cpp
C:\Users\xbj\Desktop\远控\RemoteCtrl\RemoteClient\CEdoyunTool.h(39,40): warning C4267: “参数”: 从“size_t”转换到“ULONG”，可能丢失数据
  (编译源文件“/RemoteClient.cpp”)
  
  RemoteClientDlg.cpp
C:\Users\xbj\Desktop\远控\RemoteCtrl\RemoteClient\CEdoyunTool.h(39,40): warning C4267: “参数”: 从“size_t”转换到“ULONG”，可能丢失数据
  (编译源文件“/RemoteClientDlg.cpp”)
  
  正在生成代码...
  LINK : 没有找到 C:\Users\xbj\Desktop\远控\RemoteCtrl\x64\Debug\RemoteClient.exe 或上一个增量链接没有生成它；正在执行完全链接
  RemoteClient.vcxproj -> C:\Users\xbj\Desktop\远控\RemoteCtrl\x64\Debug\RemoteClient.exe
