c:\users\xbj\desktop\mfc学习\remotectrl\remoteclient\debug\remoteclient.pch
c:\users\xbj\desktop\mfc学习\remotectrl\remoteclient\debug\vc143.pdb
c:\users\xbj\desktop\mfc学习\remotectrl\remoteclient\debug\vc143.idb
c:\users\xbj\desktop\mfc学习\remotectrl\remoteclient\debug\pch.obj
c:\users\xbj\desktop\mfc学习\remotectrl\remoteclient\debug\remoteclient.obj
c:\users\xbj\desktop\mfc学习\remotectrl\remoteclient\debug\clientsocket.obj
c:\users\xbj\desktop\mfc学习\remotectrl\remoteclient\debug\remoteclientdlg.obj
c:\users\xbj\desktop\mfc学习\remotectrl\remoteclient\debug\remoteclient.res
c:\users\xbj\desktop\mfc学习\remotectrl\remoteclient\debug\remoteclient.ilk
c:\users\xbj\desktop\mfc学习\remotectrl\debug\remoteclient.pdb
c:\users\xbj\desktop\mfc学习\remotectrl\remoteclient\debug\remoteclient.tlog\cl.command.1.tlog
c:\users\xbj\desktop\mfc学习\remotectrl\remoteclient\debug\remoteclient.tlog\cl.items.tlog
c:\users\xbj\desktop\mfc学习\remotectrl\remoteclient\debug\remoteclient.tlog\cl.read.1.tlog
c:\users\xbj\desktop\mfc学习\remotectrl\remoteclient\debug\remoteclient.tlog\cl.write.1.tlog
c:\users\xbj\desktop\mfc学习\remotectrl\remoteclient\debug\remoteclient.tlog\link-cvtres.read.1.tlog
c:\users\xbj\desktop\mfc学习\remotectrl\remoteclient\debug\remoteclient.tlog\link-cvtres.write.1.tlog
c:\users\xbj\desktop\mfc学习\remotectrl\remoteclient\debug\remoteclient.tlog\link-mt.read.1.tlog
c:\users\xbj\desktop\mfc学习\remotectrl\remoteclient\debug\remoteclient.tlog\link-mt.write.1.tlog
c:\users\xbj\desktop\mfc学习\remotectrl\remoteclient\debug\remoteclient.tlog\link-rc.read.1.tlog
c:\users\xbj\desktop\mfc学习\remotectrl\remoteclient\debug\remoteclient.tlog\link-rc.write.1.tlog
c:\users\xbj\desktop\mfc学习\remotectrl\remoteclient\debug\remoteclient.tlog\link.6208-cvtres.read.1.tlog
c:\users\xbj\desktop\mfc学习\remotectrl\remoteclient\debug\remoteclient.tlog\link.6208-cvtres.write.1.tlog
c:\users\xbj\desktop\mfc学习\remotectrl\remoteclient\debug\remoteclient.tlog\link.6208-mt.read.1.tlog
c:\users\xbj\desktop\mfc学习\remotectrl\remoteclient\debug\remoteclient.tlog\link.6208-mt.write.1.tlog
c:\users\xbj\desktop\mfc学习\remotectrl\remoteclient\debug\remoteclient.tlog\link.6208-rc.read.1.tlog
c:\users\xbj\desktop\mfc学习\remotectrl\remoteclient\debug\remoteclient.tlog\link.6208-rc.write.1.tlog
c:\users\xbj\desktop\mfc学习\remotectrl\remoteclient\debug\remoteclient.tlog\link.6208.read.1.tlog
c:\users\xbj\desktop\mfc学习\remotectrl\remoteclient\debug\remoteclient.tlog\link.6208.write.1.tlog
c:\users\xbj\desktop\mfc学习\remotectrl\remoteclient\debug\remoteclient.tlog\link.command.1.tlog
c:\users\xbj\desktop\mfc学习\remotectrl\remoteclient\debug\remoteclient.tlog\link.read.1.tlog
c:\users\xbj\desktop\mfc学习\remotectrl\remoteclient\debug\remoteclient.tlog\link.secondary.1.tlog
c:\users\xbj\desktop\mfc学习\remotectrl\remoteclient\debug\remoteclient.tlog\link.write.1.tlog
c:\users\xbj\desktop\mfc学习\remotectrl\remoteclient\debug\remoteclient.tlog\rc.command.1.tlog
c:\users\xbj\desktop\mfc学习\remotectrl\remoteclient\debug\remoteclient.tlog\rc.read.1.tlog
c:\users\xbj\desktop\mfc学习\remotectrl\remoteclient\debug\remoteclient.tlog\rc.write.1.tlog
