c:\users\xbj\desktop\mfc学习\remotectrl\remotectrl\debug\remotectrl.pch
c:\users\xbj\desktop\mfc学习\remotectrl\remotectrl\debug\vc143.pdb
c:\users\xbj\desktop\mfc学习\remotectrl\remotectrl\debug\vc143.idb
c:\users\xbj\desktop\mfc学习\remotectrl\remotectrl\debug\pch.obj
c:\users\xbj\desktop\mfc学习\remotectrl\remotectrl\debug\serversocket.obj
c:\users\xbj\desktop\mfc学习\remotectrl\remotectrl\debug\remotectrl.obj
c:\users\xbj\desktop\mfc学习\remotectrl\remotectrl\debug\lockdialog.obj
c:\users\xbj\desktop\mfc学习\remotectrl\remotectrl\debug\remotectrl.res
c:\users\xbj\desktop\mfc学习\remotectrl\debug\remotectrl.pdb
c:\users\xbj\desktop\mfc学习\remotectrl\remotectrl\debug\remotectrl.tlog\cl.command.1.tlog
c:\users\xbj\desktop\mfc学习\remotectrl\remotectrl\debug\remotectrl.tlog\cl.read.1.tlog
c:\users\xbj\desktop\mfc学习\remotectrl\remotectrl\debug\remotectrl.tlog\cl.write.1.tlog
c:\users\xbj\desktop\mfc学习\remotectrl\remotectrl\debug\remotectrl.tlog\link-cvtres.read.1.tlog
c:\users\xbj\desktop\mfc学习\remotectrl\remotectrl\debug\remotectrl.tlog\link-cvtres.write.1.tlog
c:\users\xbj\desktop\mfc学习\remotectrl\remotectrl\debug\remotectrl.tlog\link-mt.read.1.tlog
c:\users\xbj\desktop\mfc学习\remotectrl\remotectrl\debug\remotectrl.tlog\link-mt.write.1.tlog
c:\users\xbj\desktop\mfc学习\remotectrl\remotectrl\debug\remotectrl.tlog\link-rc.read.1.tlog
c:\users\xbj\desktop\mfc学习\remotectrl\remotectrl\debug\remotectrl.tlog\link-rc.write.1.tlog
c:\users\xbj\desktop\mfc学习\remotectrl\remotectrl\debug\remotectrl.tlog\link.command.1.tlog
c:\users\xbj\desktop\mfc学习\remotectrl\remotectrl\debug\remotectrl.tlog\link.read.1.tlog
c:\users\xbj\desktop\mfc学习\remotectrl\remotectrl\debug\remotectrl.tlog\link.write.1.tlog
c:\users\xbj\desktop\mfc学习\remotectrl\remotectrl\debug\remotectrl.tlog\rc.command.1.tlog
c:\users\xbj\desktop\mfc学习\remotectrl\remotectrl\debug\remotectrl.tlog\rc.read.1.tlog
c:\users\xbj\desktop\mfc学习\remotectrl\remotectrl\debug\remotectrl.tlog\rc.write.1.tlog
